\BOOKMARK [1][-]{section.1}{\376\377\173\200\116\313}{}% 1
\BOOKMARK [1][-]{section.2}{\376\377\000C\000+\000+\000\040\127\372\147\054\225\356\230\230}{}% 2
\BOOKMARK [2][-]{subsection.2.1}{\376\377\000C\000+\000+\000\040\127\372\147\054\174\173\127\213}{section.2}% 3
\BOOKMARK [2][-]{subsection.2.2}{\376\377\000C\000+\000+\000\040\127\372\147\054\213\355\154\325}{section.2}% 4
\BOOKMARK [2][-]{subsection.2.3}{\376\377\133\127\227\142\221\317\166\204\174\173\127\213}{section.2}% 5
\BOOKMARK [2][-]{subsection.2.4}{\376\377\123\330\221\317\166\204\117\134\165\050\127\337\124\214\165\037\124\175\124\150\147\037}{section.2}% 6
\BOOKMARK [2][-]{subsection.2.5}{\376\377\123\330\221\317\166\204\130\360\146\016\124\214\133\232\116\111}{section.2}% 7
\BOOKMARK [2][-]{subsection.2.6}{\376\377\123\330\221\317\166\204\122\035\131\313\123\026}{section.2}% 8
\BOOKMARK [2][-]{subsection.2.7}{\376\377\000c\000v\000\040\226\120\133\232\173\046}{section.2}% 9
\BOOKMARK [2][-]{subsection.2.8}{\376\377\116\140\230\230}{section.2}% 10
\BOOKMARK [1][-]{section.3}{\376\377\000C\000+\000+\000\040\210\150\217\276\137\017\124\214\174\173\127\213\217\154\143\142}{}% 11
\BOOKMARK [2][-]{subsection.3.1}{\376\377\217\320\173\227\124\214\217\320\173\227\173\046}{section.3}% 12
\BOOKMARK [2][-]{subsection.3.2}{\376\377\174\173\127\213\217\154\143\142}{section.3}% 13
\BOOKMARK [2][-]{subsection.3.3}{\376\377\000c\000a\000s\000t\000\040\174\173\127\213\217\154\143\142}{section.3}% 14
\BOOKMARK [2][-]{subsection.3.4}{\376\377\116\140\230\230}{section.3}% 15
\BOOKMARK [1][-]{section.4}{\376\377\000C\000+\000+\000\040\121\375\145\160}{}% 16
\BOOKMARK [2][-]{subsection.4.1}{\376\377\121\375\145\160\130\360\146\016\116\016\121\375\145\160\214\003\165\050}{section.4}% 17
\BOOKMARK [2][-]{subsection.4.2}{\376\377\124\015\171\360\147\345\142\176}{section.4}% 18
\BOOKMARK [2][-]{subsection.4.3}{\376\377\121\375\145\160\221\315\217\175}{section.4}% 19
\BOOKMARK [2][-]{subsection.4.4}{\376\377\116\140\230\230}{section.4}% 20
\BOOKMARK [1][-]{section.5}{\376\377\000C\000+\000+\000\040\221\315\211\201\121\163\225\056\133\127}{}% 21
\BOOKMARK [2][-]{subsection.5.1}{\376\377\000s\000i\000z\000e\000o\000f}{section.5}% 22
\BOOKMARK [2][-]{subsection.5.2}{\376\377\000a\000u\000t\000o}{section.5}% 23
\BOOKMARK [2][-]{subsection.5.3}{\376\377\000t\000y\000p\000e\000i\000d}{section.5}% 24
\BOOKMARK [2][-]{subsection.5.4}{\376\377\000t\000y\000p\000e\000d\000e\000f}{section.5}% 25
\BOOKMARK [2][-]{subsection.5.5}{\376\377\000d\000e\000c\000l\000t\000y\000p\000e}{section.5}% 26
\BOOKMARK [1][-]{section.6}{\376\377\000C\000+\000+\000\040\174\173\124\214\133\371\214\141}{}% 27
\BOOKMARK [2][-]{subsection.6.1}{\376\377\147\204\220\040\121\375\145\160\124\214\122\035\131\313\123\026}{section.6}% 28
\BOOKMARK [2][-]{subsection.6.2}{\376\377\147\204\220\040\121\375\145\160\060\001\147\220\147\204\121\375\145\160\166\204\214\003\165\050\230\172\136\217}{section.6}% 29
\BOOKMARK [2][-]{subsection.6.3}{\376\377\174\173\166\204\176\347\142\177\124\214\131\032\140\001}{section.6}% 30
\BOOKMARK [2][-]{subsection.6.4}{\376\377\123\313\121\103\121\375\145\160}{section.6}% 31
\BOOKMARK [2][-]{subsection.6.5}{\376\377\116\140\230\230}{section.6}% 32
\BOOKMARK [1][-]{section.7}{\376\377\000C\000+\000+\000\040\152\041\147\177}{}% 33
\BOOKMARK [2][-]{subsection.7.1}{\376\377\152\041\147\177\123\302\145\160\143\250\133\374}{section.7}% 34
\BOOKMARK [2][-]{subsection.7.2}{\376\377\152\041\147\177\166\204\133\232\116\111\124\214\122\035\131\313\123\026}{section.7}% 35
\BOOKMARK [2][-]{subsection.7.3}{\376\377\152\041\147\177\116\016\124\015\171\360\147\345\142\176}{section.7}% 36
\BOOKMARK [1][-]{section.8}{\376\377\000C\000+\000+\000\040\133\271\126\150}{}% 37
\BOOKMARK [2][-]{subsection.8.1}{\376\377\000s\000t\000r\000i\000n\000g}{section.8}% 38
\BOOKMARK [2][-]{subsection.8.2}{\376\377\000i\000n\000i\000t\000i\000a\000l\000i\000z\000e\000r\000\137\000l\000i\000s\000t}{section.8}% 39
\BOOKMARK [2][-]{subsection.8.3}{\376\377\000v\000e\000c\000t\000o\000r}{section.8}% 40
\BOOKMARK [2][-]{subsection.8.4}{\376\377\000t\000u\000p\000l\000e}{section.8}% 41
\BOOKMARK [2][-]{subsection.8.5}{\376\377\000m\000a\000p}{section.8}% 42
\BOOKMARK [1][-]{section.9}{\376\377\000C\000+\000+\000\040\137\002\136\070\131\004\164\006}{}% 43
\BOOKMARK [1][-]{section.10}{\376\377\000C\000+\000+\000\040\145\260\162\171\140\047}{}% 44
\BOOKMARK [2][-]{subsection.10.1}{\376\377\000l\000a\000m\000b\000d\000a\000\040\210\150\217\276\137\017}{section.10}% 45
\BOOKMARK [2][-]{subsection.10.2}{\376\377\142\230\123\340\210\150\217\276\137\017}{section.10}% 46
\BOOKMARK [2][-]{subsection.10.3}{\376\377\000s\000t\000d\000:\000:\000v\000a\000r\000i\000a\000n\000t}{section.10}% 47
\BOOKMARK [2][-]{subsection.10.4}{\376\377\000p\000r\000o\000m\000i\000s\000e\000/\000f\000u\000t\000u\000r\000e}{section.10}% 48
\BOOKMARK [1][-]{section.11}{\376\377\147\102\230\171}{}% 49
\BOOKMARK [1][-]{section.12}{\376\377\116\140\230\230\123\302\200\003\173\124\150\110}{}% 50
\BOOKMARK [2][-]{subsection.12.1}{\376\377\000C\000+\000+\000\040\127\372\147\054\225\356\230\230}{section.12}% 51
\BOOKMARK [2][-]{subsection.12.2}{\376\377\000C\000+\000+\000\040\121\375\145\160}{section.12}% 52
\BOOKMARK [2][-]{subsection.12.3}{\376\377\000C\000+\000+\000\040\174\173\124\214\133\371\214\141}{section.12}% 53
\BOOKMARK [1][-]{section.13}{\376\377\124\016\213\260}{}% 54
