This is XeTeX, Version 3.141592653-2.6-0.999995 (TeX Live 2023) (preloaded format=xelatex 2023.6.19)  12 SEP 2023 12:43
entering extended mode
 restricted \write18 enabled.
 %&-line parsing enabled.
**document.tex
(./document.tex
LaTeX2e <2022-11-01> patch level 1
L3 programming layer <2023-02-22>
(c:/texlive/2023/texmf-dist/tex/latex/base/article.cls
Document Class: article 2022/07/02 v1.4n Standard LaTeX document class
(c:/texlive/2023/texmf-dist/tex/latex/base/size10.clo
File: size10.clo 2022/07/02 v1.4n Standard LaTeX file (size option)
)
\c@part=\count181
\c@section=\count182
\c@subsection=\count183
\c@subsubsection=\count184
\c@paragraph=\count185
\c@subparagraph=\count186
\c@figure=\count187
\c@table=\count188
\abovecaptionskip=\skip48
\belowcaptionskip=\skip49
\bibindent=\dimen140
)
(c:/texlive/2023/texmf-dist/tex/latex/ctex/ctex.sty
(c:/texlive/2023/texmf-dist/tex/latex/l3kernel/expl3.sty
Package: expl3 2023-02-22 L3 programming layer (loader) 

(c:/texlive/2023/texmf-dist/tex/latex/l3backend/l3backend-xetex.def
File: l3backend-xetex.def 2023-01-16 L3 backend support: XeTeX
\g__graphics_track_int=\count189
\l__pdf_internal_box=\box51
\g__pdf_backend_object_int=\count190
\g__pdf_backend_annotation_int=\count191
\g__pdf_backend_link_int=\count192
))
Package: ctex 2022/07/14 v2.5.10 Chinese adapter in LaTeX (CTEX)

(c:/texlive/2023/texmf-dist/tex/latex/ctex/ctexhook.sty
Package: ctexhook 2022/07/14 v2.5.10 Document and package hooks (CTEX)
)
(c:/texlive/2023/texmf-dist/tex/latex/ctex/ctexpatch.sty
Package: ctexpatch 2022/07/14 v2.5.10 Patching commands (CTEX)
)
(c:/texlive/2023/texmf-dist/tex/latex/base/fix-cm.sty
Package: fix-cm 2020/11/24 v1.1t fixes to LaTeX

(c:/texlive/2023/texmf-dist/tex/latex/base/ts1enc.def
File: ts1enc.def 2001/06/05 v3.0e (jk/car/fm) Standard LaTeX file
LaTeX Font Info:    Redeclaring font encoding TS1 on input line 47.
))
\l__ctex_tmp_int=\count193
\l__ctex_tmp_box=\box52
\l__ctex_tmp_dim=\dimen141
\g__ctex_section_depth_int=\count194
\g__ctex_font_size_int=\count195

(c:/texlive/2023/texmf-dist/tex/latex/ctex/config/ctexopts.cfg
File: ctexopts.cfg 2022/07/14 v2.5.10 Option configuration file (CTEX)
)
(c:/texlive/2023/texmf-dist/tex/latex/ctex/engine/ctex-engine-xetex.def
File: ctex-engine-xetex.def 2022/07/14 v2.5.10 XeLaTeX adapter (CTEX)

(c:/texlive/2023/texmf-dist/tex/xelatex/xecjk/xeCJK.sty
Package: xeCJK 2022/08/05 v3.9.1 Typesetting CJK scripts with XeLaTeX

(c:/texlive/2023/texmf-dist/tex/latex/l3packages/xtemplate/xtemplate.sty
Package: xtemplate 2023-02-02 L3 Experimental prototype document functions
\l__xtemplate_tmp_dim=\dimen142
\l__xtemplate_tmp_int=\count196
\l__xtemplate_tmp_muskip=\muskip16
\l__xtemplate_tmp_skip=\skip50
)
\l__xeCJK_tmp_int=\count197
\l__xeCJK_tmp_box=\box53
\l__xeCJK_tmp_dim=\dimen143
\l__xeCJK_tmp_skip=\skip51
\g__xeCJK_space_factor_int=\count198
\l__xeCJK_begin_int=\count199
\l__xeCJK_end_int=\count266
\c__xeCJK_CJK_class_int=\XeTeXcharclass1
\c__xeCJK_FullLeft_class_int=\XeTeXcharclass2
\c__xeCJK_FullRight_class_int=\XeTeXcharclass3
\c__xeCJK_HalfLeft_class_int=\XeTeXcharclass4
\c__xeCJK_HalfRight_class_int=\XeTeXcharclass5
\c__xeCJK_NormalSpace_class_int=\XeTeXcharclass6
\c__xeCJK_CM_class_int=\XeTeXcharclass7
\c__xeCJK_HangulJamo_class_int=\XeTeXcharclass8
\l__xeCJK_last_skip=\skip52
\c__xeCJK_none_node=\count267
\g__xeCJK_node_int=\count268
\c__xeCJK_CJK_node_dim=\dimen144
\c__xeCJK_CJK-space_node_dim=\dimen145
\c__xeCJK_default_node_dim=\dimen146
\c__xeCJK_CJK-widow_node_dim=\dimen147
\c__xeCJK_normalspace_node_dim=\dimen148
\c__xeCJK_default-space_node_skip=\skip53
\l__xeCJK_ccglue_skip=\skip54
\l__xeCJK_ecglue_skip=\skip55
\l__xeCJK_punct_kern_skip=\skip56
\l__xeCJK_indent_box=\box54
\l__xeCJK_last_penalty_int=\count269
\l__xeCJK_last_bound_dim=\dimen149
\l__xeCJK_last_kern_dim=\dimen150
\l__xeCJK_widow_penalty_int=\count270

Package xtemplate Info: Declaring object type 'xeCJK/punctuation' taking 0
(xtemplate)             argument(s) on line 2396.

\l__xeCJK_fixed_punct_width_dim=\dimen151
\l__xeCJK_mixed_punct_width_dim=\dimen152
\l__xeCJK_middle_punct_width_dim=\dimen153
\l__xeCJK_fixed_margin_width_dim=\dimen154
\l__xeCJK_mixed_margin_width_dim=\dimen155
\l__xeCJK_middle_margin_width_dim=\dimen156
\l__xeCJK_bound_punct_width_dim=\dimen157
\l__xeCJK_bound_margin_width_dim=\dimen158
\l__xeCJK_margin_minimum_dim=\dimen159
\l__xeCJK_kerning_total_width_dim=\dimen160
\l__xeCJK_same_align_margin_dim=\dimen161
\l__xeCJK_different_align_margin_dim=\dimen162
\l__xeCJK_kerning_margin_width_dim=\dimen163
\l__xeCJK_kerning_margin_minimum_dim=\dimen164
\l__xeCJK_bound_dim=\dimen165
\l__xeCJK_reverse_bound_dim=\dimen166
\l__xeCJK_margin_dim=\dimen167
\l__xeCJK_minimum_bound_dim=\dimen168
\l__xeCJK_kerning_margin_dim=\dimen169
\g__xeCJK_family_int=\count271
\l__xeCJK_fam_int=\count272
\g__xeCJK_fam_allocation_int=\count273
\l__xeCJK_verb_case_int=\count274
\l__xeCJK_verb_exspace_skip=\skip57

(c:/texlive/2023/texmf-dist/tex/latex/fontspec/fontspec.sty
(c:/texlive/2023/texmf-dist/tex/latex/l3packages/xparse/xparse.sty
Package: xparse 2023-02-02 L3 Experimental document command parser
)
Package: fontspec 2022/01/15 v2.8a Font selection for XeLaTeX and LuaLaTeX

(c:/texlive/2023/texmf-dist/tex/latex/fontspec/fontspec-xetex.sty
Package: fontspec-xetex 2022/01/15 v2.8a Font selection for XeLaTeX and LuaLaTe
X
\l__fontspec_script_int=\count275
\l__fontspec_language_int=\count276
\l__fontspec_strnum_int=\count277
\l__fontspec_tmp_int=\count278
\l__fontspec_tmpa_int=\count279
\l__fontspec_tmpb_int=\count280
\l__fontspec_tmpc_int=\count281
\l__fontspec_em_int=\count282
\l__fontspec_emdef_int=\count283
\l__fontspec_strong_int=\count284
\l__fontspec_strongdef_int=\count285
\l__fontspec_tmpa_dim=\dimen170
\l__fontspec_tmpb_dim=\dimen171
\l__fontspec_tmpc_dim=\dimen172

(c:/texlive/2023/texmf-dist/tex/latex/base/fontenc.sty
Package: fontenc 2021/04/29 v2.0v Standard LaTeX package
)
(c:/texlive/2023/texmf-dist/tex/latex/fontspec/fontspec.cfg)))
(c:/texlive/2023/texmf-dist/tex/xelatex/xecjk/xeCJK.cfg
File: xeCJK.cfg 2022/08/05 v3.9.1 Configuration file for xeCJK package
))
\ccwd=\dimen173
\l__ctex_ccglue_skip=\skip58
)
\l__ctex_ziju_dim=\dimen174

(c:/texlive/2023/texmf-dist/tex/latex/zhnumber/zhnumber.sty
Package: zhnumber 2022/07/14 v3.0 Typesetting numbers with Chinese glyphs
\l__zhnum_scale_int=\count286
\l__zhnum_tmp_int=\count287

(c:/texlive/2023/texmf-dist/tex/latex/zhnumber/zhnumber-utf8.cfg
File: zhnumber-utf8.cfg 2022/07/14 v3.0 Chinese numerals with UTF8 encoding
))
(c:/texlive/2023/texmf-dist/tex/latex/ctex/scheme/ctex-scheme-chinese.def
File: ctex-scheme-chinese.def 2022/07/14 v2.5.10 Chinese scheme for generic (CT
EX)

(c:/texlive/2023/texmf-dist/tex/latex/ctex/config/ctex-name-utf8.cfg
File: ctex-name-utf8.cfg 2022/07/14 v2.5.10 Caption with encoding UTF-8 (CTEX)
))
(c:/texlive/2023/texmf-dist/tex/latex/tools/indentfirst.sty
Package: indentfirst 1995/11/23 v1.03 Indent first paragraph (DPC)
)
(c:/texlive/2023/texmf-dist/tex/latex/ctex/ctex-c5size.clo
File: ctex-c5size.clo 2022/07/14 v2.5.10 c5size option (CTEX)
)
(c:/texlive/2023/texmf-dist/tex/latex/ctex/fontset/ctex-fontset-windows.def
File: ctex-fontset-windows.def 2022/07/14 v2.5.10 Windows fonts definition (CTE
X)

Package fontspec Info: Could not resolve font "KaiTi/B" (it probably doesn't
(fontspec)             exist).


Package fontspec Info: Could not resolve font "SimHei/I" (it probably doesn't
(fontspec)             exist).


Package fontspec Info: Could not resolve font "SimSun/BI" (it probably doesn't
(fontspec)             exist).


Package fontspec Info: Font family 'SimSun(0)' created for font 'SimSun' with
(fontspec)             options
(fontspec)             [Script={CJK},BoldFont={SimHei},ItalicFont={KaiTi}].
(fontspec)              
(fontspec)              This font family consists of the following NFSS
(fontspec)             series/shapes:
(fontspec)              
(fontspec)             - 'normal' (m/n) with NFSS spec.:
(fontspec)             <->"SimSun/OT:script=hani;language=dflt;"
(fontspec)             - 'small caps'  (m/sc) with NFSS spec.: 
(fontspec)             - 'bold' (b/n) with NFSS spec.:
(fontspec)             <->"SimHei/OT:script=hani;language=dflt;"
(fontspec)             - 'bold small caps'  (b/sc) with NFSS spec.: 
(fontspec)             - 'italic' (m/it) with NFSS spec.:
(fontspec)             <->"KaiTi/OT:script=hani;language=dflt;"
(fontspec)             - 'italic small caps'  (m/scit) with NFSS spec.: 

))
(c:/texlive/2023/texmf-dist/tex/latex/ctex/config/ctex.cfg
File: ctex.cfg 2022/07/14 v2.5.10 Configuration file (CTEX)
)
(c:/texlive/2023/texmf-dist/tex/latex/framed/framed.sty
Package: framed 2011/10/22 v 0.96: framed or shaded text with page breaks
\OuterFrameSep=\skip59
\fb@frw=\dimen175
\fb@frh=\dimen176
\FrameRule=\dimen177
\FrameSep=\dimen178
)
(c:/texlive/2023/texmf-dist/tex/latex/fancyhdr/fancyhdr.sty
Package: fancyhdr 2022/11/09 v4.1 Extensive control of page headers and footers

\f@nch@headwidth=\skip60
\f@nch@O@elh=\skip61
\f@nch@O@erh=\skip62
\f@nch@O@olh=\skip63
\f@nch@O@orh=\skip64
\f@nch@O@elf=\skip65
\f@nch@O@erf=\skip66
\f@nch@O@olf=\skip67
\f@nch@O@orf=\skip68
)
(c:/texlive/2023/texmf-dist/tex/latex/amsmath/amsmath.sty
Package: amsmath 2022/04/08 v2.17n AMS math features
\@mathmargin=\skip69

For additional information on amsmath, use the `?' option.
(c:/texlive/2023/texmf-dist/tex/latex/amsmath/amstext.sty
Package: amstext 2021/08/26 v2.01 AMS text

(c:/texlive/2023/texmf-dist/tex/latex/amsmath/amsgen.sty
File: amsgen.sty 1999/11/30 v2.0 generic functions
\@emptytoks=\toks16
\ex@=\dimen179
))
(c:/texlive/2023/texmf-dist/tex/latex/amsmath/amsbsy.sty
Package: amsbsy 1999/11/29 v1.2d Bold Symbols
\pmbraise@=\dimen180
)
(c:/texlive/2023/texmf-dist/tex/latex/amsmath/amsopn.sty
Package: amsopn 2022/04/08 v2.04 operator names
)
\inf@bad=\count288
LaTeX Info: Redefining \frac on input line 234.
\uproot@=\count289
\leftroot@=\count290
LaTeX Info: Redefining \overline on input line 399.
LaTeX Info: Redefining \colon on input line 410.
\classnum@=\count291
\DOTSCASE@=\count292
LaTeX Info: Redefining \ldots on input line 496.
LaTeX Info: Redefining \dots on input line 499.
LaTeX Info: Redefining \cdots on input line 620.
\Mathstrutbox@=\box55
\strutbox@=\box56
LaTeX Info: Redefining \big on input line 722.
LaTeX Info: Redefining \Big on input line 723.
LaTeX Info: Redefining \bigg on input line 724.
LaTeX Info: Redefining \Bigg on input line 725.
\big@size=\dimen181
LaTeX Font Info:    Redeclaring font encoding OML on input line 743.
LaTeX Font Info:    Redeclaring font encoding OMS on input line 744.
\macc@depth=\count293
LaTeX Info: Redefining \bmod on input line 905.
LaTeX Info: Redefining \pmod on input line 910.
LaTeX Info: Redefining \smash on input line 940.
LaTeX Info: Redefining \relbar on input line 970.
LaTeX Info: Redefining \Relbar on input line 971.
\c@MaxMatrixCols=\count294
\dotsspace@=\muskip17
\c@parentequation=\count295
\dspbrk@lvl=\count296
\tag@help=\toks17
\row@=\count297
\column@=\count298
\maxfields@=\count299
\andhelp@=\toks18
\eqnshift@=\dimen182
\alignsep@=\dimen183
\tagshift@=\dimen184
\tagwidth@=\dimen185
\totwidth@=\dimen186
\lineht@=\dimen187
\@envbody=\toks19
\multlinegap=\skip70
\multlinetaggap=\skip71
\mathdisplay@stack=\toks20
LaTeX Info: Redefining \[ on input line 2953.
LaTeX Info: Redefining \] on input line 2954.
)
(c:/texlive/2023/texmf-dist/tex/latex/graphics/graphicx.sty
Package: graphicx 2021/09/16 v1.2d Enhanced LaTeX Graphics (DPC,SPQR)

(c:/texlive/2023/texmf-dist/tex/latex/graphics/keyval.sty
Package: keyval 2022/05/29 v1.15 key=value parser (DPC)
\KV@toks@=\toks21
)
(c:/texlive/2023/texmf-dist/tex/latex/graphics/graphics.sty
Package: graphics 2022/03/10 v1.4e Standard LaTeX Graphics (DPC,SPQR)

(c:/texlive/2023/texmf-dist/tex/latex/graphics/trig.sty
Package: trig 2021/08/11 v1.11 sin cos tan (DPC)
)
(c:/texlive/2023/texmf-dist/tex/latex/graphics-cfg/graphics.cfg
File: graphics.cfg 2016/06/04 v1.11 sample graphics configuration
)
Package graphics Info: Driver file: xetex.def on input line 107.

(c:/texlive/2023/texmf-dist/tex/latex/graphics-def/xetex.def
File: xetex.def 2022/09/22 v5.0n Graphics/color driver for xetex
))
\Gin@req@height=\dimen188
\Gin@req@width=\dimen189
)
(c:/texlive/2023/texmf-dist/tex/latex/listings/listings.sty
\lst@mode=\count300
\lst@gtempboxa=\box57
\lst@token=\toks22
\lst@length=\count301
\lst@currlwidth=\dimen190
\lst@column=\count302
\lst@pos=\count303
\lst@lostspace=\dimen191
\lst@width=\dimen192
\lst@newlines=\count304
\lst@lineno=\count305
\lst@maxwidth=\dimen193

(c:/texlive/2023/texmf-dist/tex/latex/listings/lstmisc.sty
File: lstmisc.sty 2023/02/27 1.9 (Carsten Heinz)
\c@lstnumber=\count306
\lst@skipnumbers=\count307
\lst@framebox=\box58
)
(c:/texlive/2023/texmf-dist/tex/latex/listings/listings.cfg
File: listings.cfg 2023/02/27 1.9 listings configuration
))
Package: listings 2023/02/27 1.9 (Carsten Heinz)

(c:/texlive/2023/texmf-dist/tex/xelatex/xecjk/xeCJK-listings.sty
Package: xeCJK-listings 2022/08/05 v3.9.1 xeCJK patch file for listings
\l__xeCJK_listings_max_char_int=\count308
\l__xeCJK_listings_flag_int=\count309
)
(c:/texlive/2023/texmf-dist/tex/latex/comment/comment.sty
\CommentStream=\write3

Excluding comment 'comment')
(c:/texlive/2023/texmf-dist/tex/latex/xcolor/xcolor.sty
Package: xcolor 2022/06/12 v2.14 LaTeX color extensions (UK)

(c:/texlive/2023/texmf-dist/tex/latex/graphics-cfg/color.cfg
File: color.cfg 2016/01/02 v1.6 sample color configuration
)
Package xcolor Info: Driver file: xetex.def on input line 227.

(c:/texlive/2023/texmf-dist/tex/latex/colortbl/colortbl.sty
Package: colortbl 2022/06/20 v1.0f Color table columns (DPC)

(c:/texlive/2023/texmf-dist/tex/latex/tools/array.sty
Package: array 2022/09/04 v2.5g Tabular extension package (FMi)
\col@sep=\dimen194
\ar@mcellbox=\box59
\extrarowheight=\dimen195
\NC@list=\toks23
\extratabsurround=\skip72
\backup@length=\skip73
\ar@cellbox=\box60
)
\everycr=\toks24
\minrowclearance=\skip74
\rownum=\count310
)
(c:/texlive/2023/texmf-dist/tex/latex/graphics/mathcolor.ltx)
Package xcolor Info: Model `cmy' substituted by `cmy0' on input line 1353.
Package xcolor Info: Model `RGB' extended on input line 1369.
Package xcolor Info: Model `HTML' substituted by `rgb' on input line 1371.
Package xcolor Info: Model `Hsb' substituted by `hsb' on input line 1372.
Package xcolor Info: Model `tHsb' substituted by `hsb' on input line 1373.
Package xcolor Info: Model `HSB' substituted by `hsb' on input line 1374.
Package xcolor Info: Model `Gray' substituted by `gray' on input line 1375.
Package xcolor Info: Model `wave' substituted by `hsb' on input line 1376.
)
(c:/texlive/2023/texmf-dist/tex/latex/booktabs/booktabs.sty
Package: booktabs 2020/01/12 v1.61803398 Publication quality tables
\heavyrulewidth=\dimen196
\lightrulewidth=\dimen197
\cmidrulewidth=\dimen198
\belowrulesep=\dimen199
\belowbottomsep=\dimen256
\aboverulesep=\dimen257
\abovetopsep=\dimen258
\cmidrulesep=\dimen259
\cmidrulekern=\dimen260
\defaultaddspace=\dimen261
\@cmidla=\count311
\@cmidlb=\count312
\@aboverulesep=\dimen262
\@belowrulesep=\dimen263
\@thisruleclass=\count313
\@lastruleclass=\count314
\@thisrulewidth=\dimen264
)
(c:/texlive/2023/texmf-dist/tex/latex/hyperref/hyperref.sty
Package: hyperref 2023-02-07 v7.00v Hypertext links for LaTeX

(c:/texlive/2023/texmf-dist/tex/generic/ltxcmds/ltxcmds.sty
Package: ltxcmds 2020-05-10 v1.25 LaTeX kernel commands for general use (HO)
)
(c:/texlive/2023/texmf-dist/tex/generic/iftex/iftex.sty
Package: iftex 2022/02/03 v1.0f TeX engine tests
)
(c:/texlive/2023/texmf-dist/tex/generic/pdftexcmds/pdftexcmds.sty
Package: pdftexcmds 2020-06-27 v0.33 Utility functions of pdfTeX for LuaTeX (HO
)

(c:/texlive/2023/texmf-dist/tex/generic/infwarerr/infwarerr.sty
Package: infwarerr 2019/12/03 v1.5 Providing info/warning/error messages (HO)
)
Package pdftexcmds Info: \pdf@primitive is available.
Package pdftexcmds Info: \pdf@ifprimitive is available.
Package pdftexcmds Info: \pdfdraftmode not found.
)
(c:/texlive/2023/texmf-dist/tex/latex/kvsetkeys/kvsetkeys.sty
Package: kvsetkeys 2022-10-05 v1.19 Key value parser (HO)
)
(c:/texlive/2023/texmf-dist/tex/generic/kvdefinekeys/kvdefinekeys.sty
Package: kvdefinekeys 2019-12-19 v1.6 Define keys (HO)
)
(c:/texlive/2023/texmf-dist/tex/generic/pdfescape/pdfescape.sty
Package: pdfescape 2019/12/09 v1.15 Implements pdfTeX's escape features (HO)
)
(c:/texlive/2023/texmf-dist/tex/latex/hycolor/hycolor.sty
Package: hycolor 2020-01-27 v1.10 Color options for hyperref/bookmark (HO)
)
(c:/texlive/2023/texmf-dist/tex/latex/letltxmacro/letltxmacro.sty
Package: letltxmacro 2019/12/03 v1.6 Let assignment for LaTeX macros (HO)
)
(c:/texlive/2023/texmf-dist/tex/latex/auxhook/auxhook.sty
Package: auxhook 2019-12-17 v1.6 Hooks for auxiliary files (HO)
)
(c:/texlive/2023/texmf-dist/tex/latex/hyperref/nameref.sty
Package: nameref 2022-05-17 v2.50 Cross-referencing by name of section

(c:/texlive/2023/texmf-dist/tex/latex/refcount/refcount.sty
Package: refcount 2019/12/15 v3.6 Data extraction from label references (HO)
)
(c:/texlive/2023/texmf-dist/tex/generic/gettitlestring/gettitlestring.sty
Package: gettitlestring 2019/12/15 v1.6 Cleanup title references (HO)

(c:/texlive/2023/texmf-dist/tex/latex/kvoptions/kvoptions.sty
Package: kvoptions 2022-06-15 v3.15 Key value format for package options (HO)
))
\c@section@level=\count315
)
\@linkdim=\dimen265
\Hy@linkcounter=\count316
\Hy@pagecounter=\count317

(c:/texlive/2023/texmf-dist/tex/latex/hyperref/pd1enc.def
File: pd1enc.def 2023-02-07 v7.00v Hyperref: PDFDocEncoding definition (HO)
)
(c:/texlive/2023/texmf-dist/tex/generic/intcalc/intcalc.sty
Package: intcalc 2019/12/15 v1.3 Expandable calculations with integers (HO)
)
(c:/texlive/2023/texmf-dist/tex/generic/etexcmds/etexcmds.sty
Package: etexcmds 2019/12/15 v1.7 Avoid name clashes with e-TeX commands (HO)
)
\Hy@SavedSpaceFactor=\count318

(c:/texlive/2023/texmf-dist/tex/latex/hyperref/puenc.def
File: puenc.def 2023-02-07 v7.00v Hyperref: PDF Unicode definition (HO)
)
Package hyperref Info: Option `unicode' set `true' on input line 4060.
Package hyperref Info: Hyper figures OFF on input line 4177.
Package hyperref Info: Link nesting OFF on input line 4182.
Package hyperref Info: Hyper index ON on input line 4185.
Package hyperref Info: Plain pages OFF on input line 4192.
Package hyperref Info: Backreferencing OFF on input line 4197.
Package hyperref Info: Implicit mode ON; LaTeX internals redefined.
Package hyperref Info: Bookmarks ON on input line 4425.
\c@Hy@tempcnt=\count319

(c:/texlive/2023/texmf-dist/tex/latex/url/url.sty
\Urlmuskip=\muskip18
Package: url 2013/09/16  ver 3.4  Verb mode for urls, etc.
)
LaTeX Info: Redefining \url on input line 4763.
\XeTeXLinkMargin=\dimen266

(c:/texlive/2023/texmf-dist/tex/generic/bitset/bitset.sty
Package: bitset 2019/12/09 v1.3 Handle bit-vector datatype (HO)

(c:/texlive/2023/texmf-dist/tex/generic/bigintcalc/bigintcalc.sty
Package: bigintcalc 2019/12/15 v1.5 Expandable calculations on big integers (HO
)
))
\Fld@menulength=\count320
\Field@Width=\dimen267
\Fld@charsize=\dimen268
Package hyperref Info: Hyper figures OFF on input line 6042.
Package hyperref Info: Link nesting OFF on input line 6047.
Package hyperref Info: Hyper index ON on input line 6050.
Package hyperref Info: backreferencing OFF on input line 6057.
Package hyperref Info: Link coloring OFF on input line 6062.
Package hyperref Info: Link coloring with OCG OFF on input line 6067.
Package hyperref Info: PDF/A mode OFF on input line 6072.

(c:/texlive/2023/texmf-dist/tex/latex/base/atbegshi-ltx.sty
Package: atbegshi-ltx 2021/01/10 v1.0c Emulation of the original atbegshi
package with kernel methods
)
\Hy@abspage=\count321
\c@Item=\count322
\c@Hfootnote=\count323
)
Package hyperref Info: Driver (autodetected): hxetex.

(c:/texlive/2023/texmf-dist/tex/latex/hyperref/hxetex.def
File: hxetex.def 2023-02-07 v7.00v Hyperref driver for XeTeX

(c:/texlive/2023/texmf-dist/tex/generic/stringenc/stringenc.sty
Package: stringenc 2019/11/29 v1.12 Convert strings between diff. encodings (HO
)
)
\pdfm@box=\box61
\c@Hy@AnnotLevel=\count324
\HyField@AnnotCount=\count325
\Fld@listcount=\count326
\c@bookmark@seq@number=\count327

(c:/texlive/2023/texmf-dist/tex/latex/rerunfilecheck/rerunfilecheck.sty
Package: rerunfilecheck 2022-07-10 v1.10 Rerun checks for auxiliary files (HO)

(c:/texlive/2023/texmf-dist/tex/latex/base/atveryend-ltx.sty
Package: atveryend-ltx 2020/08/19 v1.0a Emulation of the original atveryend pac
kage
with kernel methods
)
(c:/texlive/2023/texmf-dist/tex/generic/uniquecounter/uniquecounter.sty
Package: uniquecounter 2019/12/15 v1.4 Provide unlimited unique counter (HO)
)
Package uniquecounter Info: New unique counter `rerunfilecheck' on input line 2
85.
)
\Hy@SectionHShift=\skip75
)
(c:/texlive/2023/texmf-dist/tex/latex/subfiles/subfiles.sty
Package: subfiles 2020/11/14 v2.2 Multi-file projects (package)

(c:/texlive/2023/texmf-dist/tex/latex/import/import.sty
Package: import 2020/04/01  v 6.2
)) (./document.aux)
\openout1 = `document.aux'.

LaTeX Font Info:    Checking defaults for OML/cmm/m/it on input line 89.
LaTeX Font Info:    ... okay on input line 89.
LaTeX Font Info:    Checking defaults for OMS/cmsy/m/n on input line 89.
LaTeX Font Info:    ... okay on input line 89.
LaTeX Font Info:    Checking defaults for OT1/cmr/m/n on input line 89.
LaTeX Font Info:    ... okay on input line 89.
LaTeX Font Info:    Checking defaults for T1/cmr/m/n on input line 89.
LaTeX Font Info:    ... okay on input line 89.
LaTeX Font Info:    Checking defaults for TS1/cmr/m/n on input line 89.
LaTeX Font Info:    ... okay on input line 89.
LaTeX Font Info:    Checking defaults for TU/lmr/m/n on input line 89.
LaTeX Font Info:    ... okay on input line 89.
LaTeX Font Info:    Checking defaults for OMX/cmex/m/n on input line 89.
LaTeX Font Info:    ... okay on input line 89.
LaTeX Font Info:    Checking defaults for U/cmr/m/n on input line 89.
LaTeX Font Info:    ... okay on input line 89.
LaTeX Font Info:    Checking defaults for PD1/pdf/m/n on input line 89.
LaTeX Font Info:    ... okay on input line 89.
LaTeX Font Info:    Checking defaults for PU/pdf/m/n on input line 89.
LaTeX Font Info:    ... okay on input line 89.

Package fontspec Info: Adjusting the maths setup (use [no-math] to avoid
(fontspec)             this).

\symlegacymaths=\mathgroup4
LaTeX Font Info:    Overwriting symbol font `legacymaths' in version `bold'
(Font)                  OT1/cmr/m/n --> OT1/cmr/bx/n on input line 89.
LaTeX Font Info:    Redeclaring math accent \acute on input line 89.
LaTeX Font Info:    Redeclaring math accent \grave on input line 89.
LaTeX Font Info:    Redeclaring math accent \ddot on input line 89.
LaTeX Font Info:    Redeclaring math accent \tilde on input line 89.
LaTeX Font Info:    Redeclaring math accent \bar on input line 89.
LaTeX Font Info:    Redeclaring math accent \breve on input line 89.
LaTeX Font Info:    Redeclaring math accent \check on input line 89.
LaTeX Font Info:    Redeclaring math accent \hat on input line 89.
LaTeX Font Info:    Redeclaring math accent \dot on input line 89.
LaTeX Font Info:    Redeclaring math accent \mathring on input line 89.
LaTeX Font Info:    Redeclaring math symbol \Gamma on input line 89.
LaTeX Font Info:    Redeclaring math symbol \Delta on input line 89.
LaTeX Font Info:    Redeclaring math symbol \Theta on input line 89.
LaTeX Font Info:    Redeclaring math symbol \Lambda on input line 89.
LaTeX Font Info:    Redeclaring math symbol \Xi on input line 89.
LaTeX Font Info:    Redeclaring math symbol \Pi on input line 89.
LaTeX Font Info:    Redeclaring math symbol \Sigma on input line 89.
LaTeX Font Info:    Redeclaring math symbol \Upsilon on input line 89.
LaTeX Font Info:    Redeclaring math symbol \Phi on input line 89.
LaTeX Font Info:    Redeclaring math symbol \Psi on input line 89.
LaTeX Font Info:    Redeclaring math symbol \Omega on input line 89.
LaTeX Font Info:    Redeclaring math symbol \mathdollar on input line 89.
LaTeX Font Info:    Redeclaring symbol font `operators' on input line 89.
LaTeX Font Info:    Encoding `OT1' has changed to `TU' for symbol font
(Font)              `operators' in the math version `normal' on input line 89.
LaTeX Font Info:    Overwriting symbol font `operators' in version `normal'
(Font)                  OT1/cmr/m/n --> TU/lmr/m/n on input line 89.
LaTeX Font Info:    Encoding `OT1' has changed to `TU' for symbol font
(Font)              `operators' in the math version `bold' on input line 89.
LaTeX Font Info:    Overwriting symbol font `operators' in version `bold'
(Font)                  OT1/cmr/bx/n --> TU/lmr/m/n on input line 89.
LaTeX Font Info:    Overwriting symbol font `operators' in version `normal'
(Font)                  TU/lmr/m/n --> TU/lmr/m/n on input line 89.
LaTeX Font Info:    Overwriting math alphabet `\mathit' in version `normal'
(Font)                  OT1/cmr/m/it --> TU/lmr/m/it on input line 89.
LaTeX Font Info:    Overwriting math alphabet `\mathbf' in version `normal'
(Font)                  OT1/cmr/bx/n --> TU/lmr/b/n on input line 89.
LaTeX Font Info:    Overwriting math alphabet `\mathsf' in version `normal'
(Font)                  OT1/cmss/m/n --> TU/lmss/m/n on input line 89.
LaTeX Font Info:    Overwriting math alphabet `\mathtt' in version `normal'
(Font)                  OT1/cmtt/m/n --> TU/lmtt/m/n on input line 89.
LaTeX Font Info:    Overwriting symbol font `operators' in version `bold'
(Font)                  TU/lmr/m/n --> TU/lmr/b/n on input line 89.
LaTeX Font Info:    Overwriting math alphabet `\mathit' in version `bold'
(Font)                  OT1/cmr/bx/it --> TU/lmr/b/it on input line 89.
LaTeX Font Info:    Overwriting math alphabet `\mathsf' in version `bold'
(Font)                  OT1/cmss/bx/n --> TU/lmss/b/n on input line 89.
LaTeX Font Info:    Overwriting math alphabet `\mathtt' in version `bold'
(Font)                  OT1/cmtt/m/n --> TU/lmtt/b/n on input line 89.
\c@lstlisting=\count328
Package hyperref Info: Link coloring OFF on input line 89.

(./document.out) (./document.out)
\@outlinefile=\write4
\openout4 = `document.out'.

 (./document.toc

LaTeX Font Warning: Font shape `OMX/cmex/m/n' in size <10.53937> not available
(Font)              size <10.95> substituted on input line 3.

[1

])
\tf@toc=\write5
\openout5 = `document.toc'.

 (./introduction.tex [2]) (./tutorials/101-200/151-160/151.tex [3]
(c:/texlive/2023/texmf-dist/tex/latex/listings/lstlang1.sty
File: lstlang1.sty 2023/02/27 1.9 listings language file
)
(c:/texlive/2023/texmf-dist/tex/latex/listings/lstlang1.sty
File: lstlang1.sty 2023/02/27 1.9 listings language file
)
(c:/texlive/2023/texmf-dist/tex/latex/listings/lstmisc.sty
File: lstmisc.sty 2023/02/27 1.9 (Carsten Heinz)
)

Package fontspec Info: Could not resolve font "FangSong/BI" (it probably
(fontspec)             doesn't exist).


Package fontspec Info: Could not resolve font "FangSong/B" (it probably
(fontspec)             doesn't exist).


Package fontspec Info: Could not resolve font "FangSong/I" (it probably
(fontspec)             doesn't exist).


Package fontspec Info: Font family 'FangSong(0)' created for font 'FangSong'
(fontspec)             with options [Script={CJK}].
(fontspec)              
(fontspec)              This font family consists of the following NFSS
(fontspec)             series/shapes:
(fontspec)              
(fontspec)             - 'normal' (m/n) with NFSS spec.:
(fontspec)             <->"FangSong/OT:script=hani;language=dflt;"
(fontspec)             - 'small caps'  (m/sc) with NFSS spec.: 

LaTeX Font Info:    Font shape `TU/lmtt/bx/n' in size <10.53937> not available
(Font)              Font shape `TU/lmtt/b/n' tried instead on input line 15.
)
(./tutorials/201-300/271-280/275.tex [4]) (./tutorials/1-100/1-10/6.tex
[5]) (./tutorials/101-200/111-120/111.tex) (./tutorials/301-400/331-340/333.tex
[6]
Missing character: There is no   (U+2009) in font [lmroman10-regular]:mapping=t
ex-text;!
Missing character: There is no   (U+2009) in font [lmroman10-regular]:mapping=t
ex-text;!
Missing character: There is no   (U+2009) in font [lmroman10-regular]:mapping=t
ex-text;!
Missing character: There is no   (U+2009) in font [lmroman10-regular]:mapping=t
ex-text;!
) (./tutorials/101-200/161-170/161.tex [7])
(./tutorials/101-200/111-120/115.tex [8]) (./tutorials/1-100/1-10/4.tex
[9]) (./tutorials/301-400/331-340/335.tex
Missing character: There is no ​ (U+200B) in font [lmroman10-regular]:mapping=t
ex-text;!
Missing character: There is no ​ (U+200B) in font [lmroman10-regular]:mapping=t
ex-text;!
[10]) (./tutorials/201-300/271-280/277.tex)
(./tutorials/101-200/191-200/197.tex [11]) (./tutorials/101-200/101-110/105.tex
[12]
Overfull \hbox (14.0173pt too wide) in paragraph at lines 42--43
[]\TU/SimSun(0)/m/n/10.53937 根 据[]\TU/lmr/m/n/10.53937 [basic.stc.auto#1][], \T
U/SimSun(0)/m/n/10.53937 块 内 部 的 变 量 如 果 没 有 显 式 以 \TU/lmr/m/n/10.53937 static,
 thread_local
 []


Underfull \hbox (badness 7540) in paragraph at lines 45--46
[]\TU/lmr/bx/n/10.53937 Block-scope variables not explicitly declared static,
 []

[13]
Overfull \hbox (20.9519pt too wide) in paragraph at lines 54--55
\TU/SimSun(0)/m/n/10.53937 局 部 变 量\TU/lmr/m/n/10.53937 , \TU/SimSun(0)/m/n/10.5
3937 就 具 有 静 态 存 储 周 期。|  它 们 直 到 程 序 结 束 才 会 销 毁。| []\TU/lmr/m/n/10.53937 [bas
ic.stc.static#3][]
 []

) (./tutorials/201-300/291-300/295.tex [14]
Overfull \hbox (31.72324pt too wide) in paragraph at lines 41--43
[]\TU/SimSun(0)/m/n/10.53937 虽 然 不 影 响 本 题 的 答 案\TU/lmr/m/n/10.53937 , \TU/SimS
un(0)/m/n/10.53937 但 依 然 有 必 要 指 出\TU/lmr/m/n/10.53937 , [][]\TU/lmtt/m/n/10.53
937 a_string s1 = make_string();
 []

Missing character: There is no   (U+2009) in font [lmroman10-regular]:mapping=t
ex-text;!
Missing character: There is no   (U+2009) in font [lmroman10-regular]:mapping=t
ex-text;!
Missing character: There is no   (U+2009) in font [lmroman10-regular]:mapping=t
ex-text;!
Missing character: There is no   (U+2009) in font [lmroman10-regular]:mapping=t
ex-text;!
) (./tutorials/201-300/291-300/291.tex [15])
(./tutorials/101-200/111-120/119.tex [16]
Overfull \hbox (3.76038pt too wide) in paragraph at lines 24--25
[][]\TU/lmr/m/n/10.53937 [basic.scope.pdecl#1][] \TU/SimSun(0)/m/n/10.53937 指 出
\TU/lmr/m/n/10.53937 , \TU/SimSun(0)/m/n/10.53937 变 量 名 定 义 的 时 间 点 在 完 整 声 明 者
 \TU/lmr/m/n/10.53937 (declara-
 []

[17]) (./tutorials/101-200/191-200/198.tex [18]
Missing character: There is no   (U+2009) in font [lmroman10-regular]:mapping=t
ex-text;!
Missing character: There is no   (U+2009) in font [lmroman10-regular]:mapping=t
ex-text;!
Missing character: There is no   (U+2009) in font [lmroman10-regular]:mapping=t
ex-text;!
Missing character: There is no   (U+2009) in font [lmroman10-regular]:mapping=t
ex-text;!

Overfull \hbox (1.31725pt too wide) in paragraph at lines 47--50
\TU/SimSun(0)/m/n/10.53937 说 的 链 接 \TU/lmr/m/n/10.53937 extern \TU/SimSun(0)/m/
n/10.53937 含 义 不 同。|  根 据 []\TU/lmr/m/n/10.53937 dcl.link#7[], \TU/SimSun(0)/m/
n/10.53937 直 接 接 在 [][]\TU/lmtt/m/n/10.53937 extern \TU/FangSong(0)/m/n/10.5393
7 字符串字面量
 []

) (./tutorials/101-200/101-110/106.tex [19]) (./tutorials/1-100/11-20/11.tex
[20]) (./tutorials/1-100/11-20/12.tex) (./tutorials/201-300/291-300/296.tex
[21]
Overfull \hbox (18.45914pt too wide) in paragraph at lines 30--31
\TU/SimSun(0)/m/n/10.53937 进 行 初 始 化。|  聚 合 体 可 以 是 一 个 数 组\TU/lmr/m/n/10.53937
 , \TU/SimSun(0)/m/n/10.53937 也 可 以 是 一 个 简 单 的 类 \TU/lmr/m/n/10.53937 ([][dcl.
init.aggr#1][])\TU/SimSun(0)/m/n/10.53937 。|
 []


Overfull \hbox (8.28389pt too wide) in paragraph at lines 41--42
[]\TU/SimSun(0)/m/n/10.53937 这 里\TU/lmr/m/n/10.53937 , three \TU/SimSun(0)/m/n/
10.53937 没 有 默 认 初 始 化 器\TU/lmr/m/n/10.53937 , \TU/SimSun(0)/m/n/10.53937 所 以 尝
 试 用 空 列 表 进 行 \TU/lmr/m/n/10.53937 copy-intialization,
 []

[22]) (./tutorials/101-200/101-110/107.tex [23])
(./tutorials/201-300/221-230/221.tex) (./tutorials/101-200/111-120/114.tex
[24] [25]) (./tutorials/101-200/141-150/148.tex [26]) (./exercises/basic/1.tex)
(./exercises/basic/2.tex
Overfull \hbox (27.97067pt too wide) in paragraph at lines 12--13
 []\TU/lmr/bx/n/10.53937 Exercise 2.2 \TU/SimSun(0)/m/n/10.53937 不 考 虑 任 何 对 复 
制 构 造\TU/lmr/m/n/10.53937 /\TU/SimSun(0)/m/n/10.53937 移 动 构 造 的 省 略 \TU/lmr/m/n
/10.53937 (-fno-elide-constructors),
 []

[27]) (./exercises/basic/3.tex) (./exercises/basic/4.tex)
(./exercises/basic/5.tex [28]) (./exercises/basic/6.tex)
(./tutorials/1-100/21-30/26.tex [29]) (./tutorials/201-300/211-220/220.tex)
(./tutorials/101-200/111-120/120.tex [30]) (./tutorials/201-300/261-270/265.tex
) (./tutorials/201-300/281-290/286.tex [31])
(./tutorials/201-300/251-260/259.tex [32]) (./tutorials/1-100/21-30/25.tex)
(./tutorials/101-200/141-150/144.tex [33] [34]) (./tutorials/1-100/21-30/24.tex
) (./tutorials/201-300/281-290/288.tex [35])
(./tutorials/201-300/211-220/217.tex) (./tutorials/201-300/231-240/238.tex
[36]) (./tutorials/101-200/171-180/178.tex [37]
Overfull \hbox (2.0887pt too wide) in paragraph at lines 23--24
[]\TU/SimSun(0)/m/n/10.53937 事 实 上\TU/lmr/m/n/10.53937 , [] []\TU/lmtt/m/n/10.5
3937 a++++++b []\TU/SimSun(0)/m/n/10.53937 有 多 种 解 析 方 法\TU/lmr/m/n/10.53937 , 
\TU/SimSun(0)/m/n/10.53937 除 了 [][]\TU/lmtt/m/n/10.53937 a++ + ++ b []\TU/SimSu
n(0)/m/n/10.53937 之 外\TU/lmr/m/n/10.53937 , [][]\TU/lmtt/m/n/10.53937 a++ ++ +b

 []

) (./tutorials/101-200/151-160/153.tex [38]
Overfull \hbox (17.43488pt too wide) in paragraph at lines 38--39
[][]\TU/lmr/m/n/10.53937 [basic.type.qualifier#4][] \TU/SimSun(0)/m/n/10.53937 
指 出\TU/lmr/m/n/10.53937 , \TU/SimSun(0)/m/n/10.53937 可 以 说 一 个 类 型 比 另 一 个 类 型 
更 \TU/lmr/m/n/10.53937 cv-qualified\TU/SimSun(0)/m/n/10.53937 。| 
 []

) (./tutorials/201-300/241-250/249.tex [39])
(./tutorials/101-200/181-190/190.tex
Overfull \hbox (12.93985pt too wide) in paragraph at lines 24--26
[]\TU/SimSun(0)/m/n/10.53937 类 型 \TU/lmr/m/n/10.53937 A \TU/SimSun(0)/m/n/10.53
937 没 有 重 载 \TU/lmr/m/n/10.53937 + \TU/SimSun(0)/m/n/10.53937 运 算 符\TU/lmr/m/n/
10.53937 , \TU/SimSun(0)/m/n/10.53937 因 此 将 调 用 内 置 的 加 法 运 算 符。| []\TU/lmr/m/n
/10.53937 [over.built#10][]
 []


Underfull \hbox (badness 10000) in paragraph at lines 24--26

 []

) (./tutorials/201-300/201-210/205.tex [40])
(./tutorials/201-300/231-240/236.tex [41]) (./tutorials/101-200/171-180/179.tex
[42]) (./tutorials/101-200/181-190/188.tex
Missing character: There is no   (U+2009) in font [lmroman10-regular]:mapping=t
ex-text;!
Missing character: There is no   (U+2009) in font [lmroman10-regular]:mapping=t
ex-text;!
Missing character: There is no   (U+2009) in font [lmroman10-regular]:mapping=t
ex-text;!
Missing character: There is no   (U+2009) in font [lmroman10-regular]:mapping=t
ex-text;!
) (./exercises/expr/1.tex) (./exercises/expr/2.tex [43])
(./tutorials/1-100/21-30/30.tex
Overfull \hbox (11.36319pt too wide) in paragraph at lines 34--35
[]\TU/SimSun(0)/m/n/10.53937 在 更 复 杂 的 情 况 中\TU/lmr/m/n/10.53937 , \TU/SimSun(0
)/m/n/10.53937 可 能 产 生 二 义 性。|  例 如 [][]\TU/lmtt/m/n/10.53937 int f(int(a))[]\T
U/SimSun(0)/m/n/10.53937 。| []\TU/lmr/m/n/10.53937 [dcl.ambig.res][]
 []

) (./tutorials/1-100/31-40/31.tex [44]) (./tutorials/1-100/1-10/9.tex [45])
(./tutorials/101-200/181-190/186.tex [46]) (./tutorials/101-200/131-140/132.tex
[47]) (./tutorials/201-300/281-290/289.tex)
(./tutorials/101-200/131-140/140.tex [48] [49])
(./tutorials/301-400/301-310/305.tex) (./tutorials/101-200/191-200/192.tex
[50]) (./tutorials/101-200/151-260/159.tex [51])
(./tutorials/201-300/221-230/227.tex [52]
Missing character: There is no   (U+2009) in font [lmroman10-regular]:mapping=t
ex-text;!
Missing character: There is no   (U+2009) in font [lmroman10-regular]:mapping=t
ex-text;!
Missing character: There is no   (U+2009) in font [lmroman10-regular]:mapping=t
ex-text;!
) (./tutorials/101-200/121-130/126.tex [53])
(./tutorials/101-200/181-190/184.tex [54]) (./tutorials/101-200/191-200/196.tex
[55]) (./tutorials/101-200/111-120/118.tex [56] [57]
Missing character: There is no ① (U+2460) in font [lmroman10-regular]:mapping=t
ex-text;!
Missing character: There is no ② (U+2461) in font [lmroman10-regular]:mapping=t
ex-text;!
[58] [59]) (./tutorials/1-100/1-10/3.tex) (./tutorials/1-100/1-10/2.tex
[60]) (./exercises/fun/1.tex [61]) (./exercises/fun/2.tex)
(./tutorials/201-300/271-280/276.tex [62]
Overfull \hbox (59.2123pt too wide) in paragraph at lines 34--35
[]\TU/SimSun(0)/m/n/10.53937 在 [][]\TU/lmtt/m/n/10.53937 return i; []\TU/SimSun
(0)/m/n/10.53937 一 句 时\TU/lmr/m/n/10.53937 , \TU/SimSun(0)/m/n/10.53937 我 们 能 推
 导 出 返 回 值 类 型 为 \TU/lmr/m/n/10.53937 int, \TU/SimSun(0)/m/n/10.53937 但 是 [][]\
TU/lmtt/m/n/10.53937 return sum(i-1) + i;
 []

[63]) (./tutorials/101-200/161-170/163.tex [64])
(./tutorials/1-100/31-40/37.tex [65]) (./tutorials/1-100/31-40/38.tex)
(./tutorials/301-400/331-340/337.tex [66]) (./tutorials/1-100/21-30/28.tex
[67]) (./tutorials/1-100/31-40/32.tex [68])
(./tutorials/201-300/261-270/264.tex) (./tutorials/101-200/181-190/187.tex
[69]
Missing character: There is no   (U+2009) in font [lmroman10-regular]:mapping=t
ex-text;!
Missing character: There is no   (U+2009) in font [lmroman10-regular]:mapping=t
ex-text;!
Missing character: There is no   (U+2009) in font [lmroman10-regular]:mapping=t
ex-text;!
Missing character: There is no   (U+2009) in font [lmroman10-regular]:mapping=t
ex-text;!
) (./tutorials/201-300/221-230/226.tex [70])
(./tutorials/201-300/281-290/281.tex [71]) (./tutorials/1-100/1-10/5.tex
[72]) (./tutorials/201-300/281-290/283.tex [73])
(./tutorials/1-100/11-20/13.tex [74]
Missing character: There is no ​ (U+200B) in font [lmroman10-regular]:mapping=t
ex-text;!
Missing character: There is no ​ (U+200B) in font [lmroman10-regular]:mapping=t
ex-text;!
Missing character: There is no ​ (U+200B) in font [lmroman10-bold]:mapping=tex-
text;!
Missing character: There is no ​ (U+200B) in font [lmroman10-bold]:mapping=tex-
text;!
Missing character: There is no ​ (U+200B) in font [lmroman10-regular]:mapping=t
ex-text;!
Missing character: There is no ​ (U+200B) in font [lmroman10-regular]:mapping=t
ex-text;!
Missing character: There is no   (U+2009) in font [lmroman10-regular]:mapping=t
ex-text;!
Missing character: There is no ​ (U+200B) in font [lmroman10-bold]:mapping=tex-
text;!
Missing character: There is no ​ (U+200B) in font [lmroman10-bold]:mapping=tex-
text;!
Missing character: There is no   (U+2009) in font [lmroman10-regular]:mapping=t
ex-text;!
Missing character: There is no   (U+2009) in font [lmroman10-regular]:mapping=t
ex-text;!
Missing character: There is no   (U+2009) in font [lmroman10-regular]:mapping=t
ex-text;!
) (./tutorials/1-100/11-20/16.tex [75]) (./tutorials/101-200/141-150/145.tex
[76]) (./tutorials/1-100/11-20/14.tex [77]) (./tutorials/1-100/11-20/17.tex)
(./tutorials/301-400/311-320/312.tex [78]) (./tutorials/1-100/21-30/29.tex
[79] [80]) (./tutorials/1-100/1-10/7.tex [81]) (./tutorials/1-100/1-10/8.tex)
(./tutorials/1-100/11-20/18.tex [82]) (./tutorials/1-100/31-40/33.tex [83])
(./tutorials/1-100/21-30/27.tex [84]) (./tutorials/1-100/41-50/44.tex [85])
(./tutorials/101-200/151-160/160.tex [86]) (./tutorials/1-100/51-60/52.tex
[87]) (./exercises/class/1.tex [88]) (./tutorials/101-200/181-190/185.tex
Missing character: There is no   (U+2009) in font [lmroman10-regular]:mapping=t
ex-text;!
Missing character: There is no   (U+2009) in font [lmroman10-regular]:mapping=t
ex-text;!
Missing character: There is no   (U+2009) in font [lmroman10-regular]:mapping=t
ex-text;!
Missing character: There is no   (U+2009) in font [lmroman10-regular]:mapping=t
ex-text;!
) (./tutorials/101-200/121-130/125.tex [89])
(./tutorials/301-400/341-350/347.tex [90] [91])
(./tutorials/201-300/241-250/243.tex) (./tutorials/1-100/1-10/1.tex [92])
(./tutorials/101-200/111-120/113.tex [93]) (./tutorials/101-200/101-110/109.tex
) (./tutorials/301-400/331-340/338.tex [94])
(./tutorials/201-300/241-250/242.tex) (./tutorials/201-300/241-250/250.tex)
(./tutorials/201-300/251-260/251.tex [95]) (./tutorials/101-200/161-170/162.tex
[96] [97]
Missing character: There is no ​ (U+200B) in font [lmmono10-regular]:!
Missing character: There is no ​ (U+200B) in font [lmmono10-regular]:!
) (./tutorials/201-300/281-290/287.tex [98] [99])
(./tutorials/201-300/281-290/284.tex) [100]
(./tutorials/201-300/231-240/235.tex
Missing character: There is no ​ (U+200B) in font [lmroman10-regular]:mapping=t
ex-text;!
Missing character: There is no ​ (U+200B) in font [lmroman10-regular]:mapping=t
ex-text;!
Missing character: There is no ​ (U+200B) in font [lmroman10-regular]:mapping=t
ex-text;!
Missing character: There is no ​ (U+200B) in font [lmroman10-regular]:mapping=t
ex-text;!
[101]) (./tutorials/1-100/31-40/35.tex)
Overfull \hbox (6.5428pt too wide) in paragraph at lines 32--326
\TU/lmr/m/n/10.53937 sequence container, \TU/SimSun(0)/m/n/10.53937 可 以 用 \TU/l
mr/m/n/10.53937 std::initializer_list \TU/SimSun(0)/m/n/10.53937 构 造 \TU/lmr/m/
n/10.53937 (\TU/SimSun(0)/m/n/10.53937 见[]\TU/lmr/m/n/10.53937 [vector.overview
#2][]\TU/SimSun(0)/m/n/10.53937 中
 []

(./tutorials/201-300/271-280/278.tex [102])
(./tutorials/201-300/201-210/208.tex [103]
Underfull \hbox (badness 1137) in paragraph at lines 59--60
[]\TU/lmr/m/n/10.53937 pair<iterator, bool> try_emplace(key_type&& k, Args&& $[
] $
 []

Missing character: There is no ​ (U+200B) in font [lmroman10-bold]:mapping=tex-
text;!
Missing character: There is no ​ (U+200B) in font [lmroman10-bold]:mapping=tex-
text;!
Missing character: There is no ​ (U+200B) in font [lmroman10-bold]:mapping=tex-
text;!
Missing character: There is no ​ (U+200B) in font [lmroman10-bold]:mapping=tex-
text;!

Underfull \hbox (badness 1688) in paragraph at lines 61--62
[]\TU/lmr/m/n/10.53937 Effects: If the map already contains an element whose ke
y
 []


Underfull \hbox (badness 4913) in paragraph at lines 61--62
\TU/lmr/m/n/10.53937 is equivalent to k, there is no effect. \TU/lmr/bx/n/10.53
937 Otherwise inserts
 []


Underfull \hbox (badness 5316) in paragraph at lines 61--62
\TU/lmr/bx/n/10.53937 an object of type value_-type constructed with piece-
 []


Underfull \hbox (badness 1728) in paragraph at lines 61--62
\TU/lmr/bx/n/10.53937 wise_-construct, forward_-as_-tuple(std​::​move(k)), forw
ard_-
 []

[104]
Missing character: There is no ​ (U+200B) in font [lmroman10-regular]:mapping=t
ex-text;!
Missing character: There is no ​ (U+200B) in font [lmroman10-regular]:mapping=t
ex-text;!
Missing character: There is no ​ (U+200B) in font [lmroman10-regular]:mapping=t
ex-text;!
Missing character: There is no ​ (U+200B) in font [lmroman10-regular]:mapping=t
ex-text;!

Overfull \hbox (49.90697pt too wide) in paragraph at lines 69--70
[]\TU/SimSun(0)/m/n/10.53937 该 元 素 按 照 以 下 方 法 构 造\TU/lmr/m/n/10.53937 : piecew
ise_-construct, forward_-as_-tuple(std​::​move(k)),
 []


Overfull \hbox (9.47058pt too wide) in paragraph at lines 69--70
\TU/lmr/m/n/10.53937 forward_-as_-tuple(std​::​forward<Args>(args)...). piecewi
se_construct \TU/SimSun(0)/m/n/10.53937 是 \TU/lmr/m/n/10.53937 pair
 []


Overfull \hbox (26.13542pt too wide) in paragraph at lines 69--70
\TU/SimSun(0)/m/n/10.53937 类 型 的 一 个 构 造 函 数 \TU/lmr/m/n/10.53937 ([][pairs.pai
r#14][]), \TU/SimSun(0)/m/n/10.53937 其 参 数 是 一 个 空 类 \TU/lmr/m/n/10.53937 piece
wise_construct_t
 []


Overfull \hbox (20.47571pt too wide) in paragraph at lines 71--72
[]\TU/lmr/m/n/10.53937 mp[7] \TU/SimSun(0)/m/n/10.53937 的 返 回 值 是 \TU/lmr/m/n/1
0.53937 try_-emplace(move(x)).first $\OMS/cmsy/m/n/10.53937 !$ \TU/lmr/m/n/10.5
3937 second;\TU/SimSun(0)/m/n/10.53937 。|  其 中 \TU/lmr/m/n/10.53937 try_emplace

 []

) (./tutorials/101-200/131-140/135.tex [105])
(./tutorials/201-300/231-240/239.tex [106]) (./tutorials/1-100/11-20/15.tex
[107]) (./tutorials/301-400/321-330/323.tex [108])
(./tutorials/201-300/221-230/229.tex) (./tutorials/201-300/211-220/219.tex
[109]) (./tutorials/301-400/311-320/313.tex [110])
(./tutorials/201-300/271-280/279.tex [111]
Missing character: There is no ​ (U+200B) in font [lmroman10-regular]:mapping=t
ex-text;!

Underfull \hbox (badness 10000) in paragraph at lines 58--59
[]\TU/lmr/m/n/10.53937 Returns INVOKE(forward<Visitor>(vis), get<is>(​ for-
 []

) (./tutorials/201-300/221-230/222.tex [112])
(./tutorials/301-400/331-340/339.tex [113]
Missing character: There is no ​ (U+200B) in font [lmroman10-regular]:mapping=t
ex-text;!
Missing character: There is no ​ (U+200B) in font [lmroman10-regular]:mapping=t
ex-text;!
Missing character: There is no ​ (U+200B) in font [lmroman10-regular]:mapping=t
ex-text;!
Missing character: There is no ​ (U+200B) in font [lmroman10-regular]:mapping=t
ex-text;!
Missing character: There is no ​ (U+200B) in font [lmroman10-regular]:mapping=t
ex-text;!
Missing character: There is no ​ (U+200B) in font [lmroman10-regular]:mapping=t
ex-text;!
[114]) (./tutorials/301-400/331-340/340.tex [115])
(./tutorials/101-200/191-200/193.tex

LaTeX Warning: Command \^ invalid in math mode on input line 28.

) (./tutorials/101-200/191-200/195.tex [116]
Overfull \hbox (40.05994pt too wide) in paragraph at lines 25--26
[]\TU/lmr/m/n/10.53937 decltype(nullptr) \TU/SimSun(0)/m/n/10.53937 应 该 直 接 返 回
 它 的 类 型\TU/lmr/m/n/10.53937 , \TU/SimSun(0)/m/n/10.53937 即 \TU/lmr/m/n/10.5393
7 std::nullptr_t\TU/SimSun(0)/m/n/10.53937 。|  不 过\TU/lmr/m/n/10.53937 ,[][lex.
nullptr#1][]
 []

Missing character: There is no ​ (U+200B) in font [lmroman10-regular]:mapping=t
ex-text;!
Missing character: There is no ​ (U+200B) in font [lmroman10-regular]:mapping=t
ex-text;!
Missing character: There is no   (U+2009) in font [lmroman10-regular]:mapping=t
ex-text;!
Missing character: There is no ​ (U+200B) in font [lmroman10-regular]:mapping=t
ex-text;!
Missing character: There is no ​ (U+200B) in font [lmroman10-regular]:mapping=t
ex-text;!
) (./tutorials/201-300/291-300/293.tex [117])
(./tutorials/201-300/221-230/224.tex) (./tutorials/301-400/331-340/332.tex
[118]
Overfull \hbox (65.97409pt too wide) in paragraph at lines 35--36
[]\TU/SimSun(0)/m/n/10.53937 这 是 在 说\TU/lmr/m/n/10.53937 , \TU/SimSun(0)/m/n/10
.53937 一 般 只 有 类 似 [][]\TU/lmtt/m/n/10.53937 [[nodiscard]] node* f(int x) {retu
rn new node(x);}
 []

[119]) (./tutorials/101-200/141-150/147.tex) (./tutorials/1-100/41-50/41.tex)
(./answers/basic/1.tex [120]
Overfull \hbox (3.44597pt too wide) in paragraph at lines 15--17
\TU/SimSun(0)/m/n/10.53937 赋 值 了 第 一 个 元 素\TU/lmr/m/n/10.53937 , \TU/SimSun(0)/
m/n/10.53937 其 他 的 元 素 则 是 被 空 列 表 初 始 化 的。|  采 用 [][]\TU/lmtt/m/n/10.53937 int
 a[N] = {}
 []

) (./answers/basic/2.tex) (./answers/basic/3.tex) [121] (./answers/fun/1.tex)
(./answers/fun/2.tex [122]) (./answers/class/1.tex [123]) (./Epilogue.tex)
[124] (./document.aux)

LaTeX Font Warning: Size substitutions with differences
(Font)              up to 0.41063pt have occurred.

Package rerunfilecheck Info: File `document.out' has not changed.
(rerunfilecheck)             Checksum: 4ED6D1E7BDA6A5357BC10D2B29B83070;5433.
 ) 
Here is how much of TeX's memory you used:
 18329 strings out of 476683
 401296 string characters out of 5807575
 1984012 words of memory out of 5000000
 37815 multiletter control sequences out of 15000+600000
 516339 words of font info for 78 fonts, out of 8000000 for 9000
 1348 hyphenation exceptions out of 8191
 89i,12n,97p,826b,1885s stack positions out of 10000i,1000n,20000p,200000b,200000s

Output written on document.pdf (124 pages).
